<?xml version="1.0" encoding="UTF-8"?>
<testsuite xmlns:xsi="http://www.w3.org/2001/XMLSchema-instance" xsi:noNamespaceSchemaLocation="https://maven.apache.org/surefire/maven-surefire-plugin/xsd/surefire-test-report-3.0.xsd" version="3.0" name="com.achraf.videogames.VideogamesApplicationTests" time="18.617" tests="12" errors="1" skipped="0" failures="0">
  <properties>
[...]
</properties>
  <testcase name="testTrierProduitsNomsPrix" classname="com.achraf.videogames.VideogamesApplicationTests" time="0.82">
    <system-out><![CDATA[09:16:40.985 [main] INFO org.springframework.test.context.support.AnnotationConfigContextLoaderUtils -- Could not detect default configuration classes for test class [com.achraf.videogames.VideogamesApplicationTests]: VideogamesApplicationTests does not declare any static, non-private, non-final, nested classes annotated with @Configuration.
09:16:41.187 [main] INFO org.springframework.boot.test.context.SpringBootTestContextBootstrapper -- Found @SpringBootConfiguration com.achraf.videogames.VideogamesApplication for test class com.achraf.videogames.VideogamesApplicationTests

  .   ____          _            __ _ _
 /\\ / ___'_ __ _ _(_)_ __  __ _ \ \ \ \
( ( )\___ | '_ | '_| | '_ \/ _` | \ \ \ \
 \\/  ___)| |_)| | | | | || (_| |  ) ) ) )
  '  |____| .__|_| |_|_| |_\__, | / / / /
 =========|_|==============|___/=/_/_/_/
 :: Spring Boot ::                (v3.1.4)

2023-11-30T09:16:43.128+01:00  INFO 8320 --- [           main] c.a.v.VideogamesApplicationTests         : Starting VideogamesApplicationTests using Java 21 with PID 8320 (started by msi in C:\Users\msi\Desktop\Iset\Angular\Sprint 7\jeux_springboot-main)
2023-11-30T09:16:43.132+01:00  INFO 8320 --- [           main] c.a.v.VideogamesApplicationTests         : No active profile set, falling back to 1 default profile: "default"
2023-11-30T09:16:44.580+01:00  INFO 8320 --- [           main] .s.d.r.c.RepositoryConfigurationDelegate : Bootstrapping Spring Data JPA repositories in DEFAULT mode.
2023-11-30T09:16:44.741+01:00  INFO 8320 --- [           main] .s.d.r.c.RepositoryConfigurationDelegate : Finished Spring Data repository scanning in 150 ms. Found 3 JPA repository interfaces.
2023-11-30T09:16:45.338+01:00  INFO 8320 --- [           main] o.s.cloud.context.scope.GenericScope     : BeanFactory id=c4f04a95-41ad-3d16-9094-72924be821e7
2023-11-30T09:16:45.612+01:00  INFO 8320 --- [           main] trationDelegate$BeanPostProcessorChecker : Bean 'org.springframework.ws.config.annotation.DelegatingWsConfiguration' of type [org.springframework.ws.config.annotation.DelegatingWsConfiguration$$SpringCGLIB$$0] is not eligible for getting processed by all BeanPostProcessors (for example: not eligible for auto-proxying)
2023-11-30T09:16:45.647+01:00  INFO 8320 --- [           main] .w.s.a.s.AnnotationActionEndpointMapping : Supporting [WS-Addressing August 2004, WS-Addressing 1.0]
2023-11-30T09:16:46.325+01:00  INFO 8320 --- [           main] o.hibernate.jpa.internal.util.LogHelper  : HHH000204: Processing PersistenceUnitInfo [name: default]
2023-11-30T09:16:46.497+01:00  INFO 8320 --- [           main] org.hibernate.Version                    : HHH000412: Hibernate ORM core version 6.2.9.Final
2023-11-30T09:16:46.511+01:00  INFO 8320 --- [           main] org.hibernate.cfg.Environment            : HHH000406: Using bytecode reflection optimizer
2023-11-30T09:16:46.912+01:00  INFO 8320 --- [           main] o.h.b.i.BytecodeProviderInitiator        : HHH000021: Bytecode provider name : bytebuddy
2023-11-30T09:16:47.142+01:00  INFO 8320 --- [           main] o.s.o.j.p.SpringPersistenceUnitInfo      : No LoadTimeWeaver setup: ignoring JPA class transformer
2023-11-30T09:16:47.161+01:00  INFO 8320 --- [           main] com.zaxxer.hikari.HikariDataSource       : HikariPool-1 - Starting...
2023-11-30T09:16:47.388+01:00  INFO 8320 --- [           main] com.zaxxer.hikari.pool.HikariPool        : HikariPool-1 - Added connection com.mysql.cj.jdbc.ConnectionImpl@5bd3ca3c
2023-11-30T09:16:47.390+01:00  INFO 8320 --- [           main] com.zaxxer.hikari.HikariDataSource       : HikariPool-1 - Start completed.
2023-11-30T09:16:47.435+01:00  WARN 8320 --- [           main] org.hibernate.dialect.Dialect            : HHH000511: The 5.5.0 version for [org.hibernate.dialect.MySQLDialect] is no longer supported, hence certain features may not work properly. The minimum supported version is 5.7.0. Check the community dialects project for available legacy versions.
2023-11-30T09:16:47.804+01:00  INFO 8320 --- [           main] o.h.b.i.BytecodeProviderInitiator        : HHH000021: Bytecode provider name : bytebuddy
2023-11-30T09:16:48.445+01:00  INFO 8320 --- [           main] o.h.e.t.j.p.i.JtaPlatformInitiator       : HHH000490: Using JtaPlatform implementation: [org.hibernate.engine.transaction.jta.platform.internal.NoJtaPlatform]
2023-11-30T09:16:48.542+01:00  INFO 8320 --- [           main] j.LocalContainerEntityManagerFactoryBean : Initialized JPA EntityManagerFactory for persistence unit 'default'
2023-11-30T09:16:49.570+01:00  INFO 8320 --- [           main] o.s.d.j.r.query.QueryEnhancerFactory     : Hibernate is in classpath; If applicable, HQL parser will be used.
2023-11-30T09:16:51.358+01:00  WARN 8320 --- [           main] JpaBaseConfiguration$JpaWebConfiguration : spring.jpa.open-in-view is enabled by default. Therefore, database queries may be performed during view rendering. Explicitly configure spring.jpa.open-in-view to disable this warning
2023-11-30T09:16:51.690+01:00  WARN 8320 --- [           main] .s.s.UserDetailsServiceAutoConfiguration : 

Using generated security password: 457a2fa8-d797-4920-961c-e3888cbd6728

This generated password is for development use only. Your security configuration must be updated before running your application in production.

2023-11-30T09:16:52.174+01:00  INFO 8320 --- [           main] o.s.s.web.DefaultSecurityFilterChain     : Will secure any request with [org.springframework.security.web.session.DisableEncodeUrlFilter@7e544223, org.springframework.security.web.context.request.async.WebAsyncManagerIntegrationFilter@c6c5b66, org.springframework.security.web.context.SecurityContextHolderFilter@42a940dc, org.springframework.security.web.header.HeaderWriterFilter@591be976, org.springframework.web.filter.CorsFilter@2f803d8, org.springframework.security.web.authentication.logout.LogoutFilter@6a2d1f6d, org.springframework.security.web.savedrequest.RequestCacheAwareFilter@26abee34, org.springframework.security.web.servletapi.SecurityContextHolderAwareRequestFilter@c3df740, org.springframework.security.web.authentication.AnonymousAuthenticationFilter@68c06a2, org.springframework.security.web.session.SessionManagementFilter@3c971473, org.springframework.security.web.access.ExceptionTranslationFilter@20894afb, org.springframework.security.web.access.intercept.AuthorizationFilter@10ec54c3]
2023-11-30T09:16:55.825+01:00  INFO 8320 --- [           main] o.s.cloud.commons.util.InetUtils         : Cannot determine local hostname
2023-11-30T09:16:55.893+01:00  INFO 8320 --- [           main] DiscoveryClientOptionalArgsConfiguration : Eureka HTTP Client uses RestTemplate.
2023-11-30T09:16:56.952+01:00  INFO 8320 --- [           main] o.s.cloud.commons.util.InetUtils         : Cannot determine local hostname
2023-11-30T09:16:57.091+01:00  WARN 8320 --- [           main] iguration$LoadBalancerCaffeineWarnLogger : Spring Cloud LoadBalancer is currently working with the default cache. While this cache implementation is useful for development and tests, it's recommended to use Caffeine cache in production.You can switch to using Caffeine cache, by adding it and org.springframework.cache.caffeine.CaffeineCacheManager to the classpath.
2023-11-30T09:16:57.137+01:00  INFO 8320 --- [           main] o.s.c.n.eureka.InstanceInfoFactory       : Setting initial instance status as: STARTING
2023-11-30T09:16:57.336+01:00  INFO 8320 --- [           main] com.netflix.discovery.DiscoveryClient    : Initializing Eureka in region us-east-1
2023-11-30T09:16:57.345+01:00  INFO 8320 --- [           main] c.n.d.s.r.aws.ConfigClusterResolver      : Resolving eureka endpoints via configuration
2023-11-30T09:16:57.385+01:00  INFO 8320 --- [           main] com.netflix.discovery.DiscoveryClient    : Disable delta property : false
2023-11-30T09:16:57.385+01:00  INFO 8320 --- [           main] com.netflix.discovery.DiscoveryClient    : Single vip registry refresh property : null
2023-11-30T09:16:57.385+01:00  INFO 8320 --- [           main] com.netflix.discovery.DiscoveryClient    : Force full registry fetch : false
2023-11-30T09:16:57.385+01:00  INFO 8320 --- [           main] com.netflix.discovery.DiscoveryClient    : Application is null : false
2023-11-30T09:16:57.385+01:00  INFO 8320 --- [           main] com.netflix.discovery.DiscoveryClient    : Registered Applications size is zero : true
2023-11-30T09:16:57.385+01:00  INFO 8320 --- [           main] com.netflix.discovery.DiscoveryClient    : Application version is -1: true
2023-11-30T09:16:57.385+01:00  INFO 8320 --- [           main] com.netflix.discovery.DiscoveryClient    : Getting all instance registry info from the eureka server
2023-11-30T09:16:57.909+01:00  INFO 8320 --- [           main] com.netflix.discovery.DiscoveryClient    : The response status is 200
2023-11-30T09:16:57.913+01:00  INFO 8320 --- [           main] com.netflix.discovery.DiscoveryClient    : Starting heartbeat executor: renew interval is: 30
2023-11-30T09:16:57.917+01:00  INFO 8320 --- [           main] c.n.discovery.InstanceInfoReplicator     : InstanceInfoReplicator onDemand update allowed rate per min is 4
2023-11-30T09:16:57.922+01:00  INFO 8320 --- [           main] com.netflix.discovery.DiscoveryClient    : Discovery Client initialized at timestamp 1701332217921 with initial instances count: 3
2023-11-30T09:16:57.924+01:00  INFO 8320 --- [           main] o.s.c.n.e.s.EurekaServiceRegistry        : Registering application VIDEOGAMES with eureka with status UP
2023-11-30T09:16:57.925+01:00  INFO 8320 --- [           main] com.netflix.discovery.DiscoveryClient    : Saw local status change event StatusChangeEvent [timestamp=1701332217925, current=UP, previous=STARTING]
2023-11-30T09:16:57.927+01:00  INFO 8320 --- [nfoReplicator-0] com.netflix.discovery.DiscoveryClient    : DiscoveryClient_VIDEOGAMES/localhost:VIDEOGAMES:8091: registering service...
2023-11-30T09:16:57.942+01:00  INFO 8320 --- [           main] c.a.v.VideogamesApplicationTests         : Started VideogamesApplicationTests in 16.579 seconds (process running for 18.276)
2023-11-30T09:16:58.093+01:00  INFO 8320 --- [nfoReplicator-0] com.netflix.discovery.DiscoveryClient    : DiscoveryClient_VIDEOGAMES/localhost:VIDEOGAMES:8091 - registration status: 204
Hibernate: select v1_0.id_videogame,v1_0.date_creation,v1_0.genre_id_gen,v1_0.image_path,v1_0.nom_videogame,v1_0.prix_videogame from videogame v1_0 order by v1_0.nom_videogame,v1_0.prix_videogame desc
Hibernate: select g1_0.id_gen,g1_0.description_gen,g1_0.nom_gen from genre g1_0 where g1_0.id_gen=?
Hibernate: select g1_0.id_gen,g1_0.description_gen,g1_0.nom_gen from genre g1_0 where g1_0.id_gen=?
Hibernate: select g1_0.id_gen,g1_0.description_gen,g1_0.nom_gen from genre g1_0 where g1_0.id_gen=?
Hibernate: select g1_0.id_gen,g1_0.description_gen,g1_0.nom_gen from genre g1_0 where g1_0.id_gen=?
Videogame [idVideogame=3, nomVideogame=Barbie, prixVideogame=100.0, dateCreation=2023-04-07 00:00:00.0]
Videogame [idVideogame=1, nomVideogame=Fifa 22, prixVideogame=1000.0, dateCreation=2023-10-05 01:00:00.0]
Videogame [idVideogame=6, nomVideogame=League of Legends, prixVideogame=20.0, dateCreation=2023-11-30 09:10:50.0]
Videogame [idVideogame=7, nomVideogame=League of Legends, prixVideogame=20.0, dateCreation=2023-11-30 09:13:28.0]
Videogame [idVideogame=4, nomVideogame=Outlast, prixVideogame=210.0, dateCreation=2023-05-11 01:00:00.0]
Videogame [idVideogame=2, nomVideogame=The Last Of Us, prixVideogame=200.0, dateCreation=2023-10-12 01:00:00.0]
]]></system-out>
    <system-err><![CDATA[WARNING: A Java agent has been loaded dynamically (C:\Users\msi\.m2\repository\net\bytebuddy\byte-buddy-agent\1.14.8\byte-buddy-agent-1.14.8.jar)
WARNING: If a serviceability tool is in use, please run with -XX:+EnableDynamicAgentLoading to hide this warning
WARNING: If a serviceability tool is not in use, please run with -Djdk.instrument.traceUsage for more information
WARNING: Dynamic loading of agents will be disallowed by default in a future release
]]></system-err>
  </testcase>
  <testcase name="testUpdateVideogame" classname="com.achraf.videogames.VideogamesApplicationTests" time="0.036">
    <system-out><![CDATA[Hibernate: select v1_0.id_videogame,v1_0.date_creation,g1_0.id_gen,g1_0.description_gen,g1_0.nom_gen,v1_0.image_path,v1_0.nom_videogame,v1_0.prix_videogame from videogame v1_0 left join genre g1_0 on g1_0.id_gen=v1_0.genre_id_gen where v1_0.id_videogame=?
Hibernate: select v1_0.id_videogame,v1_0.date_creation,g1_0.id_gen,g1_0.description_gen,g1_0.nom_gen,v1_0.image_path,v1_0.nom_videogame,v1_0.prix_videogame from videogame v1_0 left join genre g1_0 on g1_0.id_gen=v1_0.genre_id_gen where v1_0.id_videogame=?
]]></system-out>
  </testcase>
  <testcase name="testListerTousVideogames" classname="com.achraf.videogames.VideogamesApplicationTests" time="0.027">
    <system-out><![CDATA[Hibernate: select v1_0.id_videogame,v1_0.date_creation,v1_0.genre_id_gen,v1_0.image_path,v1_0.nom_videogame,v1_0.prix_videogame from videogame v1_0
Hibernate: select g1_0.id_gen,g1_0.description_gen,g1_0.nom_gen from genre g1_0 where g1_0.id_gen=?
Hibernate: select g1_0.id_gen,g1_0.description_gen,g1_0.nom_gen from genre g1_0 where g1_0.id_gen=?
Hibernate: select g1_0.id_gen,g1_0.description_gen,g1_0.nom_gen from genre g1_0 where g1_0.id_gen=?
Hibernate: select g1_0.id_gen,g1_0.description_gen,g1_0.nom_gen from genre g1_0 where g1_0.id_gen=?
Videogame [idVideogame=1, nomVideogame=Fifa 22, prixVideogame=1000.0, dateCreation=2023-10-05 01:00:00.0]
Videogame [idVideogame=2, nomVideogame=The Last Of Us, prixVideogame=200.0, dateCreation=2023-10-12 01:00:00.0]
Videogame [idVideogame=3, nomVideogame=Barbie, prixVideogame=100.0, dateCreation=2023-04-07 00:00:00.0]
Videogame [idVideogame=4, nomVideogame=Outlast, prixVideogame=210.0, dateCreation=2023-05-11 01:00:00.0]
Videogame [idVideogame=6, nomVideogame=League of Legends, prixVideogame=20.0, dateCreation=2023-11-30 09:10:50.0]
Videogame [idVideogame=7, nomVideogame=League of Legends, prixVideogame=20.0, dateCreation=2023-11-30 09:13:28.0]
]]></system-out>
  </testcase>
  <testcase name="testFindVideogameByNom" classname="com.achraf.videogames.VideogamesApplicationTests" time="0.032">
    <system-out><![CDATA[Hibernate: select v1_0.id_videogame,v1_0.date_creation,v1_0.genre_id_gen,v1_0.image_path,v1_0.nom_videogame,v1_0.prix_videogame from videogame v1_0 where v1_0.nom_videogame=?
]]></system-out>
  </testcase>
  <testcase name="testFindVideogameByNomContains" classname="com.achraf.videogames.VideogamesApplicationTests" time="0.012">
    <system-out><![CDATA[Hibernate: select v1_0.id_videogame,v1_0.date_creation,v1_0.genre_id_gen,v1_0.image_path,v1_0.nom_videogame,v1_0.prix_videogame from videogame v1_0 where v1_0.nom_videogame like ? escape '\\'
]]></system-out>
  </testcase>
  <testcase name="testfindByGenre" classname="com.achraf.videogames.VideogamesApplicationTests" time="0.019">
    <system-out><![CDATA[Hibernate: select v1_0.id_videogame,v1_0.date_creation,v1_0.genre_id_gen,v1_0.image_path,v1_0.nom_videogame,v1_0.prix_videogame from videogame v1_0 where v1_0.genre_id_gen=?
Hibernate: select g1_0.id_gen,g1_0.description_gen,g1_0.nom_gen from genre g1_0 where g1_0.id_gen=?
Videogame [idVideogame=4, nomVideogame=Outlast, prixVideogame=210.0, dateCreation=2023-05-11 01:00:00.0]
]]></system-out>
  </testcase>
  <testcase name="testFindVideogame" classname="com.achraf.videogames.VideogamesApplicationTests" time="0.014">
    <system-out><![CDATA[Hibernate: select v1_0.id_videogame,v1_0.date_creation,g1_0.id_gen,g1_0.description_gen,g1_0.nom_gen,v1_0.image_path,v1_0.nom_videogame,v1_0.prix_videogame from videogame v1_0 left join genre g1_0 on g1_0.id_gen=v1_0.genre_id_gen where v1_0.id_videogame=?
Videogame [idVideogame=3, nomVideogame=Barbie, prixVideogame=100.0, dateCreation=2023-04-07 00:00:00.0]
]]></system-out>
  </testcase>
  <testcase name="testCreateVideogame" classname="com.achraf.videogames.VideogamesApplicationTests" time="0.092">
    <system-out><![CDATA[Hibernate: insert into videogame (date_creation,genre_id_gen,image_path,nom_videogame,prix_videogame) values (?,?,?,?,?)
]]></system-out>
  </testcase>
  <testcase name="testfindByOrderByNomVideogameAsc" classname="com.achraf.videogames.VideogamesApplicationTests" time="0.021">
    <system-out><![CDATA[Hibernate: select v1_0.id_videogame,v1_0.date_creation,v1_0.genre_id_gen,v1_0.image_path,v1_0.nom_videogame,v1_0.prix_videogame from videogame v1_0 order by v1_0.nom_videogame
Hibernate: select g1_0.id_gen,g1_0.description_gen,g1_0.nom_gen from genre g1_0 where g1_0.id_gen=?
Hibernate: select g1_0.id_gen,g1_0.description_gen,g1_0.nom_gen from genre g1_0 where g1_0.id_gen=?
Hibernate: select g1_0.id_gen,g1_0.description_gen,g1_0.nom_gen from genre g1_0 where g1_0.id_gen=?
Hibernate: select g1_0.id_gen,g1_0.description_gen,g1_0.nom_gen from genre g1_0 where g1_0.id_gen=?
Videogame [idVideogame=3, nomVideogame=Barbie, prixVideogame=100.0, dateCreation=2023-04-07 00:00:00.0]
Videogame [idVideogame=1, nomVideogame=Fifa 22, prixVideogame=1000.0, dateCreation=2023-10-05 01:00:00.0]
Videogame [idVideogame=6, nomVideogame=League of Legends, prixVideogame=20.0, dateCreation=2023-11-30 09:10:50.0]
Videogame [idVideogame=7, nomVideogame=League of Legends, prixVideogame=20.0, dateCreation=2023-11-30 09:13:28.0]
Videogame [idVideogame=8, nomVideogame=League of Legends, prixVideogame=20.0, dateCreation=2023-11-30 09:16:59.0]
Videogame [idVideogame=4, nomVideogame=Outlast, prixVideogame=210.0, dateCreation=2023-05-11 01:00:00.0]
Videogame [idVideogame=2, nomVideogame=The Last Of Us, prixVideogame=200.0, dateCreation=2023-10-12 01:00:00.0]
]]></system-out>
  </testcase>
  <testcase name="testfindByNomPrix" classname="com.achraf.videogames.VideogamesApplicationTests" time="0.039">
    <system-out><![CDATA[Hibernate: select v1_0.id_videogame,v1_0.date_creation,v1_0.genre_id_gen,v1_0.image_path,v1_0.nom_videogame,v1_0.prix_videogame from videogame v1_0 where v1_0.nom_videogame like replace(?,'\\','\\\\') and v1_0.prix_videogame=?
]]></system-out>
  </testcase>
  <testcase name="findByCategorieIdCat" classname="com.achraf.videogames.VideogamesApplicationTests" time="0.015">
    <system-out><![CDATA[Hibernate: select v1_0.id_videogame,v1_0.date_creation,v1_0.genre_id_gen,v1_0.image_path,v1_0.nom_videogame,v1_0.prix_videogame from videogame v1_0 where v1_0.genre_id_gen=?
Hibernate: select g1_0.id_gen,g1_0.description_gen,g1_0.nom_gen from genre g1_0 where g1_0.id_gen=?
Videogame [idVideogame=4, nomVideogame=Outlast, prixVideogame=210.0, dateCreation=2023-05-11 01:00:00.0]
]]></system-out>
  </testcase>
  <testcase name="testDeleteVideogame" classname="com.achraf.videogames.VideogamesApplicationTests" time="0.174">
    <error message="could not execute statement [Cannot delete or update a parent row: a foreign key constraint fails (`videogames`.`image`, CONSTRAINT `FK9ehv2jlb9bufardx1upu5rr7j` FOREIGN KEY (`videogame_id`) REFERENCES `videogame` (`id_videogame`))] [delete from videogame where id_videogame=?]; SQL [delete from videogame where id_videogame=?]; constraint [null]" type="org.springframework.dao.DataIntegrityViolationException"><![CDATA[org.springframework.dao.DataIntegrityViolationException: could not execute statement [Cannot delete or update a parent row: a foreign key constraint fails (`videogames`.`image`, CONSTRAINT `FK9ehv2jlb9bufardx1upu5rr7j` FOREIGN KEY (`videogame_id`) REFERENCES `videogame` (`id_videogame`))] [delete from videogame where id_videogame=?]; SQL [delete from videogame where id_videogame=?]; constraint [null]
	at org.springframework.orm.jpa.vendor.HibernateJpaDialect.convertHibernateAccessException(HibernateJpaDialect.java:269)
	at org.springframework.orm.jpa.vendor.HibernateJpaDialect.translateExceptionIfPossible(HibernateJpaDialect.java:229)
	at org.springframework.orm.jpa.JpaTransactionManager.doCommit(JpaTransactionManager.java:565)
	at org.springframework.transaction.support.AbstractPlatformTransactionManager.processCommit(AbstractPlatformTransactionManager.java:743)
	at org.springframework.transaction.support.AbstractPlatformTransactionManager.commit(AbstractPlatformTransactionManager.java:711)
	at org.springframework.transaction.interceptor.TransactionAspectSupport.commitTransactionAfterReturning(TransactionAspectSupport.java:660)
	at org.springframework.transaction.interceptor.TransactionAspectSupport.invokeWithinTransaction(TransactionAspectSupport.java:410)
	at org.springframework.transaction.interceptor.TransactionInterceptor.invoke(TransactionInterceptor.java:119)
	at org.springframework.aop.framework.ReflectiveMethodInvocation.proceed(ReflectiveMethodInvocation.java:184)
	at org.springframework.dao.support.PersistenceExceptionTranslationInterceptor.invoke(PersistenceExceptionTranslationInterceptor.java:137)
	at org.springframework.aop.framework.ReflectiveMethodInvocation.proceed(ReflectiveMethodInvocation.java:184)
	at org.springframework.data.jpa.repository.support.CrudMethodMetadataPostProcessor$CrudMethodMetadataPopulatingMethodInterceptor.invoke(CrudMethodMetadataPostProcessor.java:164)
	at org.springframework.aop.framework.ReflectiveMethodInvocation.proceed(ReflectiveMethodInvocation.java:184)
	at org.springframework.aop.interceptor.ExposeInvocationInterceptor.invoke(ExposeInvocationInterceptor.java:97)
	at org.springframework.aop.framework.ReflectiveMethodInvocation.proceed(ReflectiveMethodInvocation.java:184)
	at org.springframework.aop.framework.JdkDynamicAopProxy.invoke(JdkDynamicAopProxy.java:244)
	at jdk.proxy2/jdk.proxy2.$Proxy141.deleteById(Unknown Source)
	at com.achraf.videogames.VideogamesApplicationTests.testDeleteVideogame(VideogamesApplicationTests.java:41)
	at java.base/jdk.internal.reflect.DirectMethodHandleAccessor.invoke(DirectMethodHandleAccessor.java:103)
	at java.base/java.lang.reflect.Method.invoke(Method.java:580)
	at org.junit.platform.commons.util.ReflectionUtils.invokeMethod(ReflectionUtils.java:727)
	at org.junit.jupiter.engine.execution.MethodInvocation.proceed(MethodInvocation.java:60)
	at org.junit.jupiter.engine.execution.InvocationInterceptorChain$ValidatingInvocation.proceed(InvocationInterceptorChain.java:131)
	at org.junit.jupiter.engine.extension.TimeoutExtension.intercept(TimeoutExtension.java:156)
	at org.junit.jupiter.engine.extension.TimeoutExtension.interceptTestableMethod(TimeoutExtension.java:147)
	at org.junit.jupiter.engine.extension.TimeoutExtension.interceptTestMethod(TimeoutExtension.java:86)
	at org.junit.jupiter.engine.execution.InterceptingExecutableInvoker$ReflectiveInterceptorCall.lambda$ofVoidMethod$0(InterceptingExecutableInvoker.java:103)
	at org.junit.jupiter.engine.execution.InterceptingExecutableInvoker.lambda$invoke$0(InterceptingExecutableInvoker.java:93)
	at org.junit.jupiter.engine.execution.InvocationInterceptorChain$InterceptedInvocation.proceed(InvocationInterceptorChain.java:106)
	at org.junit.jupiter.engine.execution.InvocationInterceptorChain.proceed(InvocationInterceptorChain.java:64)
	at org.junit.jupiter.engine.execution.InvocationInterceptorChain.chainAndInvoke(InvocationInterceptorChain.java:45)
	at org.junit.jupiter.engine.execution.InvocationInterceptorChain.invoke(InvocationInterceptorChain.java:37)
	at org.junit.jupiter.engine.execution.InterceptingExecutableInvoker.invoke(InterceptingExecutableInvoker.java:92)
	at org.junit.jupiter.engine.execution.InterceptingExecutableInvoker.invoke(InterceptingExecutableInvoker.java:86)
	at org.junit.jupiter.engine.descriptor.TestMethodTestDescriptor.lambda$invokeTestMethod$7(TestMethodTestDescriptor.java:217)
	at org.junit.platform.engine.support.hierarchical.ThrowableCollector.execute(ThrowableCollector.java:73)
	at org.junit.jupiter.engine.descriptor.TestMethodTestDescriptor.invokeTestMethod(TestMethodTestDescriptor.java:213)
	at org.junit.jupiter.engine.descriptor.TestMethodTestDescriptor.execute(TestMethodTestDescriptor.java:138)
	at org.junit.jupiter.engine.descriptor.TestMethodTestDescriptor.execute(TestMethodTestDescriptor.java:68)
	at org.junit.platform.engine.support.hierarchical.NodeTestTask.lambda$executeRecursively$6(NodeTestTask.java:151)
	at org.junit.platform.engine.support.hierarchical.ThrowableCollector.execute(ThrowableCollector.java:73)
	at org.junit.platform.engine.support.hierarchical.NodeTestTask.lambda$executeRecursively$8(NodeTestTask.java:141)
	at org.junit.platform.engine.support.hierarchical.Node.around(Node.java:137)
	at org.junit.platform.engine.support.hierarchical.NodeTestTask.lambda$executeRecursively$9(NodeTestTask.java:139)
	at org.junit.platform.engine.support.hierarchical.ThrowableCollector.execute(ThrowableCollector.java:73)
	at org.junit.platform.engine.support.hierarchical.NodeTestTask.executeRecursively(NodeTestTask.java:138)
	at org.junit.platform.engine.support.hierarchical.NodeTestTask.execute(NodeTestTask.java:95)
	at java.base/java.util.ArrayList.forEach(ArrayList.java:1596)
	at org.junit.platform.engine.support.hierarchical.SameThreadHierarchicalTestExecutorService.invokeAll(SameThreadHierarchicalTestExecutorService.java:41)
	at org.junit.platform.engine.support.hierarchical.NodeTestTask.lambda$executeRecursively$6(NodeTestTask.java:155)
	at org.junit.platform.engine.support.hierarchical.ThrowableCollector.execute(ThrowableCollector.java:73)
	at org.junit.platform.engine.support.hierarchical.NodeTestTask.lambda$executeRecursively$8(NodeTestTask.java:141)
	at org.junit.platform.engine.support.hierarchical.Node.around(Node.java:137)
	at org.junit.platform.engine.support.hierarchical.NodeTestTask.lambda$executeRecursively$9(NodeTestTask.java:139)
	at org.junit.platform.engine.support.hierarchical.ThrowableCollector.execute(ThrowableCollector.java:73)
	at org.junit.platform.engine.support.hierarchical.NodeTestTask.executeRecursively(NodeTestTask.java:138)
	at org.junit.platform.engine.support.hierarchical.NodeTestTask.execute(NodeTestTask.java:95)
	at java.base/java.util.ArrayList.forEach(ArrayList.java:1596)
	at org.junit.platform.engine.support.hierarchical.SameThreadHierarchicalTestExecutorService.invokeAll(SameThreadHierarchicalTestExecutorService.java:41)
	at org.junit.platform.engine.support.hierarchical.NodeTestTask.lambda$executeRecursively$6(NodeTestTask.java:155)
	at org.junit.platform.engine.support.hierarchical.ThrowableCollector.execute(ThrowableCollector.java:73)
	at org.junit.platform.engine.support.hierarchical.NodeTestTask.lambda$executeRecursively$8(NodeTestTask.java:141)
	at org.junit.platform.engine.support.hierarchical.Node.around(Node.java:137)
	at org.junit.platform.engine.support.hierarchical.NodeTestTask.lambda$executeRecursively$9(NodeTestTask.java:139)
	at org.junit.platform.engine.support.hierarchical.ThrowableCollector.execute(ThrowableCollector.java:73)
	at org.junit.platform.engine.support.hierarchical.NodeTestTask.executeRecursively(NodeTestTask.java:138)
	at org.junit.platform.engine.support.hierarchical.NodeTestTask.execute(NodeTestTask.java:95)
	at org.junit.platform.engine.support.hierarchical.SameThreadHierarchicalTestExecutorService.submit(SameThreadHierarchicalTestExecutorService.java:35)
	at org.junit.platform.engine.support.hierarchical.HierarchicalTestExecutor.execute(HierarchicalTestExecutor.java:57)
	at org.junit.platform.engine.support.hierarchical.HierarchicalTestEngine.execute(HierarchicalTestEngine.java:54)
	at org.junit.platform.launcher.core.EngineExecutionOrchestrator.execute(EngineExecutionOrchestrator.java:147)
	at org.junit.platform.launcher.core.EngineExecutionOrchestrator.execute(EngineExecutionOrchestrator.java:127)
	at org.junit.platform.launcher.core.EngineExecutionOrchestrator.execute(EngineExecutionOrchestrator.java:90)
	at org.junit.platform.launcher.core.EngineExecutionOrchestrator.lambda$execute$0(EngineExecutionOrchestrator.java:55)
	at org.junit.platform.launcher.core.EngineExecutionOrchestrator.withInterceptedStreams(EngineExecutionOrchestrator.java:102)
	at org.junit.platform.launcher.core.EngineExecutionOrchestrator.execute(EngineExecutionOrchestrator.java:54)
	at org.junit.platform.launcher.core.DefaultLauncher.execute(DefaultLauncher.java:114)
	at org.junit.platform.launcher.core.DefaultLauncher.execute(DefaultLauncher.java:86)
	at org.junit.platform.launcher.core.DefaultLauncherSession$DelegatingLauncher.execute(DefaultLauncherSession.java:86)
	at org.apache.maven.surefire.junitplatform.LazyLauncher.execute(LazyLauncher.java:50)
	at org.apache.maven.surefire.junitplatform.JUnitPlatformProvider.execute(JUnitPlatformProvider.java:184)
	at org.apache.maven.surefire.junitplatform.JUnitPlatformProvider.invokeAllTests(JUnitPlatformProvider.java:148)
	at org.apache.maven.surefire.junitplatform.JUnitPlatformProvider.invoke(JUnitPlatformProvider.java:122)
	at org.apache.maven.surefire.booter.ForkedBooter.runSuitesInProcess(ForkedBooter.java:385)
	at org.apache.maven.surefire.booter.ForkedBooter.execute(ForkedBooter.java:162)
	at org.apache.maven.surefire.booter.ForkedBooter.run(ForkedBooter.java:507)
	at org.apache.maven.surefire.booter.ForkedBooter.main(ForkedBooter.java:495)
Caused by: org.hibernate.exception.ConstraintViolationException: could not execute statement [Cannot delete or update a parent row: a foreign key constraint fails (`videogames`.`image`, CONSTRAINT `FK9ehv2jlb9bufardx1upu5rr7j` FOREIGN KEY (`videogame_id`) REFERENCES `videogame` (`id_videogame`))] [delete from videogame where id_videogame=?]
	at org.hibernate.exception.internal.SQLExceptionTypeDelegate.convert(SQLExceptionTypeDelegate.java:60)
	at org.hibernate.exception.internal.StandardSQLExceptionConverter.convert(StandardSQLExceptionConverter.java:56)
	at org.hibernate.engine.jdbc.spi.SqlExceptionHelper.convert(SqlExceptionHelper.java:108)
	at org.hibernate.engine.jdbc.internal.ResultSetReturnImpl.executeUpdate(ResultSetReturnImpl.java:278)
	at org.hibernate.engine.jdbc.mutation.internal.AbstractMutationExecutor.performNonBatchedMutation(AbstractMutationExecutor.java:107)
	at org.hibernate.engine.jdbc.mutation.internal.MutationExecutorSingleNonBatched.performNonBatchedOperations(MutationExecutorSingleNonBatched.java:40)
	at org.hibernate.engine.jdbc.mutation.internal.AbstractMutationExecutor.execute(AbstractMutationExecutor.java:52)
	at org.hibernate.persister.entity.mutation.DeleteCoordinator.doStaticDelete(DeleteCoordinator.java:299)
	at org.hibernate.persister.entity.mutation.DeleteCoordinator.coordinateDelete(DeleteCoordinator.java:88)
	at org.hibernate.persister.entity.AbstractEntityPersister.delete(AbstractEntityPersister.java:2890)
	at org.hibernate.action.internal.EntityDeleteAction.execute(EntityDeleteAction.java:131)
	at org.hibernate.engine.spi.ActionQueue.executeActions(ActionQueue.java:635)
	at org.hibernate.engine.spi.ActionQueue.executeActions(ActionQueue.java:502)
	at org.hibernate.event.internal.AbstractFlushingEventListener.performExecutions(AbstractFlushingEventListener.java:358)
	at org.hibernate.event.internal.DefaultFlushEventListener.onFlush(DefaultFlushEventListener.java:39)
	at org.hibernate.event.service.internal.EventListenerGroupImpl.fireEventOnEachListener(EventListenerGroupImpl.java:127)
	at org.hibernate.internal.SessionImpl.doFlush(SessionImpl.java:1412)
	at org.hibernate.internal.SessionImpl.managedFlush(SessionImpl.java:485)
	at org.hibernate.internal.SessionImpl.flushBeforeTransactionCompletion(SessionImpl.java:2301)
	at org.hibernate.internal.SessionImpl.beforeTransactionCompletion(SessionImpl.java:1966)
	at org.hibernate.engine.jdbc.internal.JdbcCoordinatorImpl.beforeTransactionCompletion(JdbcCoordinatorImpl.java:439)
	at org.hibernate.resource.transaction.backend.jdbc.internal.JdbcResourceLocalTransactionCoordinatorImpl.beforeCompletionCallback(JdbcResourceLocalTransactionCoordinatorImpl.java:169)
	at org.hibernate.resource.transaction.backend.jdbc.internal.JdbcResourceLocalTransactionCoordinatorImpl$TransactionDriverControlImpl.commit(JdbcResourceLocalTransactionCoordinatorImpl.java:267)
	at org.hibernate.engine.transaction.internal.TransactionImpl.commit(TransactionImpl.java:101)
	at org.springframework.orm.jpa.JpaTransactionManager.doCommit(JpaTransactionManager.java:561)
	... 84 more
Caused by: java.sql.SQLIntegrityConstraintViolationException: Cannot delete or update a parent row: a foreign key constraint fails (`videogames`.`image`, CONSTRAINT `FK9ehv2jlb9bufardx1upu5rr7j` FOREIGN KEY (`videogame_id`) REFERENCES `videogame` (`id_videogame`))
	at com.mysql.cj.jdbc.exceptions.SQLError.createSQLException(SQLError.java:118)
	at com.mysql.cj.jdbc.exceptions.SQLExceptionsMapping.translateException(SQLExceptionsMapping.java:122)
	at com.mysql.cj.jdbc.ClientPreparedStatement.executeInternal(ClientPreparedStatement.java:916)
	at com.mysql.cj.jdbc.ClientPreparedStatement.executeUpdateInternal(ClientPreparedStatement.java:1061)
	at com.mysql.cj.jdbc.ClientPreparedStatement.executeUpdateInternal(ClientPreparedStatement.java:1009)
	at com.mysql.cj.jdbc.ClientPreparedStatement.executeLargeUpdate(ClientPreparedStatement.java:1320)
	at com.mysql.cj.jdbc.ClientPreparedStatement.executeUpdate(ClientPreparedStatement.java:994)
	at com.zaxxer.hikari.pool.ProxyPreparedStatement.executeUpdate(ProxyPreparedStatement.java:61)
	at com.zaxxer.hikari.pool.HikariProxyPreparedStatement.executeUpdate(HikariProxyPreparedStatement.java)
	at org.hibernate.engine.jdbc.internal.ResultSetReturnImpl.executeUpdate(ResultSetReturnImpl.java:275)
	... 105 more
]]></error>
    <system-out><![CDATA[Hibernate: select v1_0.id_videogame,v1_0.date_creation,g1_0.id_gen,g1_0.description_gen,g1_0.nom_gen,v1_0.image_path,v1_0.nom_videogame,v1_0.prix_videogame from videogame v1_0 left join genre g1_0 on g1_0.id_gen=v1_0.genre_id_gen where v1_0.id_videogame=?
Hibernate: delete from videogame where id_videogame=?
2023-11-30T09:16:59.305+01:00  WARN 8320 --- [           main] o.h.engine.jdbc.spi.SqlExceptionHelper   : SQL Error: 1451, SQLState: 23000
2023-11-30T09:16:59.305+01:00 ERROR 8320 --- [           main] o.h.engine.jdbc.spi.SqlExceptionHelper   : Cannot delete or update a parent row: a foreign key constraint fails (`videogames`.`image`, CONSTRAINT `FK9ehv2jlb9bufardx1upu5rr7j` FOREIGN KEY (`videogame_id`) REFERENCES `videogame` (`id_videogame`))
]]></system-out>
  </testcase>
</testsuite>